# JRE version: OpenJDK Runtime Environment GraalVM CE 22.3.0 (17.0.5+8) (build 17.0.5+8-jvmci-22.3-b08)
# Java VM: OpenJDK 64-Bit Server VM GraalVM CE 22.3.0 (17.0.5+8-jvmci-22.3-b08, mixed mode, sharing, tiered, jvmci, jvmci compiler, compressed oops, compressed class ptrs, parallel gc, linux-amd64)
GC Precious Log:
 CPUs: 8 total, 1 available
 Memory: 1024M
 Large Page Support: Disabled
 NUMA Support: Disabled
 Compressed Oops: Enabled (32-bit)
 Alignments: Space 512K, Generation 512K, Heap 2M
 Heap Min Capacity: 100M
 Heap Initial Capacity: 100M
 Heap Max Capacity: 512M
 Pre-touch: Disabled
 Parallel Workers: 1
Heap:
 PSYoungGen      total 47616K, used 31342K [0x00000000f5580000, 0x00000000f9a80000, 0x0000000100000000)
  eden space 27136K, 100% used [0x00000000f5580000,0x00000000f7000000,0x00000000f7000000)
  from space 20480K, 20% used [0x00000000f8500000,0x00000000f891b880,0x00000000f9900000)
  to   space 21504K, 0% used [0x00000000f7000000,0x00000000f7000000,0x00000000f8500000)
 ParOldGen       total 349696K, used 349695K [0x00000000e0000000, 0x00000000f5580000, 0x00000000f5580000)
  object space 349696K, 99% used [0x00000000e0000000,0x00000000f557ffa0,0x00000000f5580000)
 Metaspace       used 52809K, committed 53632K, reserved 1097728K
  class space    used 5331K, committed 5696K, reserved 1048576K
GC Heap History (20 events):
Event: 950.108 GC heap before
{Heap before GC invocations=659 (full 581):
 PSYoungGen      total 47616K, used 31342K [0x00000000f5580000, 0x00000000f9a80000, 0x0000000100000000)
  eden space 27136K, 100% used [0x00000000f5580000,0x00000000f7000000,0x00000000f7000000)
  from space 20480K, 20% used [0x00000000f8500000,0x00000000f891b928,0x00000000f9900000)
  to   space 21504K, 0% used [0x00000000f7000000,0x00000000f7000000,0x00000000f8500000)
 ParOldGen       total 349696K, used 349690K [0x00000000e0000000, 0x00000000f5580000, 0x00000000f5580000)
  object space 349696K, 99% used [0x00000000e0000000,0x00000000f557eb00,0x00000000f5580000)
 Metaspace       used 52805K, committed 53632K, reserved 1097728K
  class space    used 5331K, committed 5696K, reserved 1048576K
}
Event: 951.406 GC heap after
{Heap after GC invocations=659 (full 581):
 PSYoungGen      total 47616K, used 31342K [0x00000000f5580000, 0x00000000f9a80000, 0x0000000100000000)
  eden space 27136K, 99% used [0x00000000f5580000,0x00000000f6fffff0,0x00000000f7000000)
  from space 20480K, 20% used [0x00000000f8500000,0x00000000f891b928,0x00000000f9900000)
  to   space 21504K, 0% used [0x00000000f7000000,0x00000000f7000000,0x00000000f8500000)
 ParOldGen       total 349696K, used 349690K [0x00000000e0000000, 0x00000000f5580000, 0x00000000f5580000)
  object space 349696K, 99% used [0x00000000e0000000,0x00000000f557eb00,0x00000000f5580000)
 Metaspace       used 52805K, committed 53632K, reserved 1097728K
  class space    used 5331K, committed 5696K, reserved 1048576K
}
Event: 951.408 GC heap before
{Heap before GC invocations=660 (full 582):
 PSYoungGen      total 47616K, used 31342K [0x00000000f5580000, 0x00000000f9a80000, 0x0000000100000000)
  eden space 27136K, 100% used [0x00000000f5580000,0x00000000f7000000,0x00000000f7000000)
  from space 20480K, 20% used [0x00000000f8500000,0x00000000f891b928,0x00000000f9900000)
  to   space 21504K, 0% used [0x00000000f7000000,0x00000000f7000000,0x00000000f8500000)
 ParOldGen       total 349696K, used 349692K [0x00000000e0000000, 0x00000000f5580000, 0x00000000f5580000)
  object space 349696K, 99% used [0x00000000e0000000,0x00000000f557f3e8,0x00000000f5580000)
 Metaspace       used 52805K, committed 53632K, reserved 1097728K
  class space    used 5331K, committed 5696K, reserved 1048576K
}
Event: 952.688 GC heap after
{Heap after GC invocations=660 (full 582):
 PSYoungGen      total 47616K, used 31342K [0x00000000f5580000, 0x00000000f9a80000, 0x0000000100000000)
  eden space 27136K, 99% used [0x00000000f5580000,0x00000000f6fffff0,0x00000000f7000000)
  from space 20480K, 20% used [0x00000000f8500000,0x00000000f891b928,0x00000000f9900000)
  to   space 21504K, 0% used [0x00000000f7000000,0x00000000f7000000,0x00000000f8500000)
 ParOldGen       total 349696K, used 349691K [0x00000000e0000000, 0x00000000f5580000, 0x00000000f5580000)
  object space 349696K, 99% used [0x00000000e0000000,0x00000000f557ef90,0x00000000f5580000)
 Metaspace       used 52805K, committed 53632K, reserved 1097728K
  class space    used 5331K, committed 5696K, reserved 1048576K
}
Event: 952.689 GC heap before
{Heap before GC invocations=661 (full 583):
 PSYoungGen      total 47616K, used 31342K [0x00000000f5580000, 0x00000000f9a80000, 0x0000000100000000)
  eden space 27136K, 99% used [0x00000000f5580000,0x00000000f6fffff0,0x00000000f7000000)
  from space 20480K, 20% used [0x00000000f8500000,0x00000000f891b928,0x00000000f9900000)
  to   space 21504K, 0% used [0x00000000f7000000,0x00000000f7000000,0x00000000f8500000)
 ParOldGen       total 349696K, used 349694K [0x00000000e0000000, 0x00000000f5580000, 0x00000000f5580000)
  object space 349696K, 99% used [0x00000000e0000000,0x00000000f557fae0,0x00000000f5580000)
 Metaspace       used 52805K, committed 53632K, reserved 1097728K
  class space    used 5331K, committed 5696K, reserved 1048576K
}
Event: 954.078 GC heap after
{Heap after GC invocations=661 (full 583):
 PSYoungGen      total 47616K, used 31341K [0x00000000f5580000, 0x00000000f9a80000, 0x0000000100000000)
  eden space 27136K, 99% used [0x00000000f5580000,0x00000000f6ffff00,0x00000000f7000000)
  from space 20480K, 20% used [0x00000000f8500000,0x00000000f891b880,0x00000000f9900000)
  to   space 21504K, 0% used [0x00000000f7000000,0x00000000f7000000,0x00000000f8500000)
 ParOldGen       total 349696K, used 349694K [0x00000000e0000000, 0x00000000f5580000, 0x00000000f5580000)
  object space 349696K, 99% used [0x00000000e0000000,0x00000000f557f9b8,0x00000000f5580000)
 Metaspace       used 52805K, committed 53632K, reserved 1097728K
  class space    used 5331K, committed 5696K, reserved 1048576K
}
Event: 954.079 GC heap before
{Heap before GC invocations=662 (full 584):
 PSYoungGen      total 47616K, used 31342K [0x00000000f5580000, 0x00000000f9a80000, 0x0000000100000000)
  eden space 27136K, 99% used [0x00000000f5580000,0x00000000f6fffff0,0x00000000f7000000)
  from space 20480K, 20% used [0x00000000f8500000,0x00000000f891b880,0x00000000f9900000)
  to   space 21504K, 0% used [0x00000000f7000000,0x00000000f7000000,0x00000000f8500000)
 ParOldGen       total 349696K, used 349694K [0x00000000e0000000, 0x00000000f5580000, 0x00000000f5580000)
  object space 349696K, 99% used [0x00000000e0000000,0x00000000f557f9b8,0x00000000f5580000)
 Metaspace       used 52805K, committed 53632K, reserved 1097728K
  class space    used 5331K, committed 5696K, reserved 1048576K
}
Event: 955.336 GC heap after
{Heap after GC invocations=662 (full 584):
 PSYoungGen      total 47616K, used 31342K [0x00000000f5580000, 0x00000000f9a80000, 0x0000000100000000)
  eden space 27136K, 99% used [0x00000000f5580000,0x00000000f6fffff0,0x00000000f7000000)
  from space 20480K, 20% used [0x00000000f8500000,0x00000000f891b880,0x00000000f9900000)
  to   space 21504K, 0% used [0x00000000f7000000,0x00000000f7000000,0x00000000f8500000)
 ParOldGen       total 349696K, used 349694K [0x00000000e0000000, 0x00000000f5580000, 0x00000000f5580000)
  object space 349696K, 99% used [0x00000000e0000000,0x00000000f557f9b8,0x00000000f5580000)
 Metaspace       used 52805K, committed 53632K, reserved 1097728K
  class space    used 5331K, committed 5696K, reserved 1048576K
}
Event: 955.337 GC heap before
{Heap before GC invocations=663 (full 585):
 PSYoungGen      total 47616K, used 31342K [0x00000000f5580000, 0x00000000f9a80000, 0x0000000100000000)
  eden space 27136K, 100% used [0x00000000f5580000,0x00000000f7000000,0x00000000f7000000)
  from space 20480K, 20% used [0x00000000f8500000,0x00000000f891b880,0x00000000f9900000)
  to   space 21504K, 0% used [0x00000000f7000000,0x00000000f7000000,0x00000000f8500000)
 ParOldGen       total 349696K, used 349695K [0x00000000e0000000, 0x00000000f5580000, 0x00000000f5580000)
  object space 349696K, 99% used [0x00000000e0000000,0x00000000f557ffd0,0x00000000f5580000)
 Metaspace       used 52806K, committed 53632K, reserved 1097728K
  class space    used 5331K, committed 5696K, reserved 1048576K
}
Event: 956.810 GC heap after
{Heap after GC invocations=663 (full 585):
 PSYoungGen      total 47616K, used 31342K [0x00000000f5580000, 0x00000000f9a80000, 0x0000000100000000)
  eden space 27136K, 99% used [0x00000000f5580000,0x00000000f6ffffc8,0x00000000f7000000)
  from space 20480K, 20% used [0x00000000f8500000,0x00000000f891b880,0x00000000f9900000)
  to   space 21504K, 0% used [0x00000000f7000000,0x00000000f7000000,0x00000000f8500000)
 ParOldGen       total 349696K, used 349693K [0x00000000e0000000, 0x00000000f5580000, 0x00000000f5580000)
  object space 349696K, 99% used [0x00000000e0000000,0x00000000f557f7d0,0x00000000f5580000)
 Metaspace       used 52806K, committed 53632K, reserved 1097728K
  class space    used 5331K, committed 5696K, reserved 1048576K
}
Event: 956.810 GC heap before
{Heap before GC invocations=664 (full 586):
 PSYoungGen      total 47616K, used 31342K [0x00000000f5580000, 0x00000000f9a80000, 0x0000000100000000)
  eden space 27136K, 100% used [0x00000000f5580000,0x00000000f7000000,0x00000000f7000000)
  from space 20480K, 20% used [0x00000000f8500000,0x00000000f891b880,0x00000000f9900000)
  to   space 21504K, 0% used [0x00000000f7000000,0x00000000f7000000,0x00000000f8500000)
 ParOldGen       total 349696K, used 349693K [0x00000000e0000000, 0x00000000f5580000, 0x00000000f5580000)
  object space 349696K, 99% used [0x00000000e0000000,0x00000000f557f7d0,0x00000000f5580000)
 Metaspace       used 52806K, committed 53632K, reserved 1097728K
  class space    used 5331K, committed 5696K, reserved 1048576K
}
Event: 957.980 GC heap after
{Heap after GC invocations=664 (full 586):
 PSYoungGen      total 47616K, used 31342K [0x00000000f5580000, 0x00000000f9a80000, 0x0000000100000000)
  eden space 27136K, 100% used [0x00000000f5580000,0x00000000f7000000,0x00000000f7000000)
  from space 20480K, 20% used [0x00000000f8500000,0x00000000f891b880,0x00000000f9900000)
  to   space 21504K, 0% used [0x00000000f7000000,0x00000000f7000000,0x00000000f8500000)
 ParOldGen       total 349696K, used 349693K [0x00000000e0000000, 0x00000000f5580000, 0x00000000f5580000)
  object space 349696K, 99% used [0x00000000e0000000,0x00000000f557f7b0,0x00000000f5580000)
 Metaspace       used 52806K, committed 53632K, reserved 1097728K
  class space    used 5331K, committed 5696K, reserved 1048576K
}
Event: 957.980 GC heap before
{Heap before GC invocations=665 (full 587):
 PSYoungGen      total 47616K, used 31342K [0x00000000f5580000, 0x00000000f9a80000, 0x0000000100000000)
  eden space 27136K, 100% used [0x00000000f5580000,0x00000000f7000000,0x00000000f7000000)
  from space 20480K, 20% used [0x00000000f8500000,0x00000000f891b880,0x00000000f9900000)
  to   space 21504K, 0% used [0x00000000f7000000,0x00000000f7000000,0x00000000f8500000)
 ParOldGen       total 349696K, used 349694K [0x00000000e0000000, 0x00000000f5580000, 0x00000000f5580000)
  object space 349696K, 99% used [0x00000000e0000000,0x00000000f557f900,0x00000000f5580000)
 Metaspace       used 52806K, committed 53632K, reserved 1097728K
  class space    used 5331K, committed 5696K, reserved 1048576K
}
Event: 959.300 GC heap after
{Heap after GC invocations=665 (full 587):
 PSYoungGen      total 47616K, used 31342K [0x00000000f5580000, 0x00000000f9a80000, 0x0000000100000000)
  eden space 27136K, 100% used [0x00000000f5580000,0x00000000f7000000,0x00000000f7000000)
  from space 20480K, 20% used [0x00000000f8500000,0x00000000f891b880,0x00000000f9900000)
  to   space 21504K, 0% used [0x00000000f7000000,0x00000000f7000000,0x00000000f8500000)
 ParOldGen       total 349696K, used 349694K [0x00000000e0000000, 0x00000000f5580000, 0x00000000f5580000)
  object space 349696K, 99% used [0x00000000e0000000,0x00000000f557f8b0,0x00000000f5580000)
 Metaspace       used 52806K, committed 53632K, reserved 1097728K
  class space    used 5331K, committed 5696K, reserved 1048576K
}
Event: 959.300 GC heap before
{Heap before GC invocations=666 (full 588):
 PSYoungGen      total 47616K, used 31342K [0x00000000f5580000, 0x00000000f9a80000, 0x0000000100000000)
  eden space 27136K, 100% used [0x00000000f5580000,0x00000000f7000000,0x00000000f7000000)
  from space 20480K, 20% used [0x00000000f8500000,0x00000000f891b880,0x00000000f9900000)
  to   space 21504K, 0% used [0x00000000f7000000,0x00000000f7000000,0x00000000f8500000)
 ParOldGen       total 349696K, used 349694K [0x00000000e0000000, 0x00000000f5580000, 0x00000000f5580000)
  object space 349696K, 99% used [0x00000000e0000000,0x00000000f557f8b0,0x00000000f5580000)
 Metaspace       used 52806K, committed 53632K, reserved 1097728K
  class space    used 5331K, committed 5696K, reserved 1048576K
}
Event: 960.552 GC heap after
{Heap after GC invocations=666 (full 588):
 PSYoungGen      total 47616K, used 31342K [0x00000000f5580000, 0x00000000f9a80000, 0x0000000100000000)
  eden space 27136K, 100% used [0x00000000f5580000,0x00000000f7000000,0x00000000f7000000)
  from space 20480K, 20% used [0x00000000f8500000,0x00000000f891b880,0x00000000f9900000)
  to   space 21504K, 0% used [0x00000000f7000000,0x00000000f7000000,0x00000000f8500000)
 ParOldGen       total 349696K, used 349693K [0x00000000e0000000, 0x00000000f5580000, 0x00000000f5580000)
  object space 349696K, 99% used [0x00000000e0000000,0x00000000f557f560,0x00000000f5580000)
 Metaspace       used 52806K, committed 53632K, reserved 1097728K
  class space    used 5331K, committed 5696K, reserved 1048576K
}
Event: 960.557 GC heap before
{Heap before GC invocations=667 (full 589):
 PSYoungGen      total 47616K, used 31342K [0x00000000f5580000, 0x00000000f9a80000, 0x0000000100000000)
  eden space 27136K, 100% used [0x00000000f5580000,0x00000000f7000000,0x00000000f7000000)
  from space 20480K, 20% used [0x00000000f8500000,0x00000000f891b880,0x00000000f9900000)
  to   space 21504K, 0% used [0x00000000f7000000,0x00000000f7000000,0x00000000f8500000)
 ParOldGen       total 349696K, used 349693K [0x00000000e0000000, 0x00000000f5580000, 0x00000000f5580000)
  object space 349696K, 99% used [0x00000000e0000000,0x00000000f557f560,0x00000000f5580000)
 Metaspace       used 52809K, committed 53632K, reserved 1097728K
  class space    used 5331K, committed 5696K, reserved 1048576K
}
Event: 961.857 GC heap after
{Heap after GC invocations=667 (full 589):
 PSYoungGen      total 47616K, used 31342K [0x00000000f5580000, 0x00000000f9a80000, 0x0000000100000000)
  eden space 27136K, 100% used [0x00000000f5580000,0x00000000f7000000,0x00000000f7000000)
  from space 20480K, 20% used [0x00000000f8500000,0x00000000f891b880,0x00000000f9900000)
  to   space 21504K, 0% used [0x00000000f7000000,0x00000000f7000000,0x00000000f8500000)
 ParOldGen       total 349696K, used 349693K [0x00000000e0000000, 0x00000000f5580000, 0x00000000f5580000)
  object space 349696K, 99% used [0x00000000e0000000,0x00000000f557f540,0x00000000f5580000)
 Metaspace       used 52809K, committed 53632K, reserved 1097728K
  class space    used 5331K, committed 5696K, reserved 1048576K
}
Event: 961.857 GC heap before
{Heap before GC invocations=668 (full 590):
 PSYoungGen      total 47616K, used 31342K [0x00000000f5580000, 0x00000000f9a80000, 0x0000000100000000)
  eden space 27136K, 100% used [0x00000000f5580000,0x00000000f7000000,0x00000000f7000000)
  from space 20480K, 20% used [0x00000000f8500000,0x00000000f891b880,0x00000000f9900000)
  to   space 21504K, 0% used [0x00000000f7000000,0x00000000f7000000,0x00000000f8500000)
 ParOldGen       total 349696K, used 349693K [0x00000000e0000000, 0x00000000f5580000, 0x00000000f5580000)
  object space 349696K, 99% used [0x00000000e0000000,0x00000000f557f540,0x00000000f5580000)
 Metaspace       used 52809K, committed 53632K, reserved 1097728K
  class space    used 5331K, committed 5696K, reserved 1048576K
}
Event: 963.077 GC heap after
{Heap after GC invocations=668 (full 590):
 PSYoungGen      total 47616K, used 31342K [0x00000000f5580000, 0x00000000f9a80000, 0x0000000100000000)
  eden space 27136K, 100% used [0x00000000f5580000,0x00000000f7000000,0x00000000f7000000)
  from space 20480K, 20% used [0x00000000f8500000,0x00000000f891b880,0x00000000f9900000)
  to   space 21504K, 0% used [0x00000000f7000000,0x00000000f7000000,0x00000000f8500000)
 ParOldGen       total 349696K, used 349693K [0x00000000e0000000, 0x00000000f5580000, 0x00000000f5580000)
  object space 349696K, 99% used [0x00000000e0000000,0x00000000f557f540,0x00000000f5580000)
 Metaspace       used 52809K, committed 53632K, reserved 1097728K
  class space    used 5331K, committed 5696K, reserved 1048576K
}

